0 info it worked if it ends with ok
1 verbose cli [ '/usr/local/Cellar/node/6.2.1/bin/node',
1 verbose cli   '/usr/local/bin/npm',
1 verbose cli   'install',
1 verbose cli   'node-swipl@0.2.0',
1 verbose cli   '--save' ]
2 info using npm@3.9.3
3 info using node@v6.2.1
4 silly loadCurrentTree Starting
5 silly install loadCurrentTree
6 silly install readLocalPackageData
7 silly fetchPackageMetaData node-swipl@0.2.0
8 silly fetchNamedPackageData node-swipl
9 silly mapToRegistry name node-swipl
10 silly mapToRegistry using default registry
11 silly mapToRegistry registry https://registry.npmjs.org/
12 silly mapToRegistry data Result {
12 silly mapToRegistry   raw: 'node-swipl',
12 silly mapToRegistry   scope: null,
12 silly mapToRegistry   name: 'node-swipl',
12 silly mapToRegistry   rawSpec: '',
12 silly mapToRegistry   spec: 'latest',
12 silly mapToRegistry   type: 'tag' }
13 silly mapToRegistry uri https://registry.npmjs.org/node-swipl
14 verbose request uri https://registry.npmjs.org/node-swipl
15 verbose request no auth needed
16 info attempt registry request try #1 at 12:37:42 AM
17 verbose request id 2c8a2328f7e879f1
18 verbose etag "5GUZZ8TC1ELEDS083WQHDY9BJ"
19 http request GET https://registry.npmjs.org/node-swipl
20 http 304 https://registry.npmjs.org/node-swipl
21 verbose headers { date: 'Tue, 18 Oct 2016 17:37:42 GMT',
21 verbose headers   via: '1.1 varnish',
21 verbose headers   'cache-control': 'max-age=300',
21 verbose headers   etag: '"5GUZZ8TC1ELEDS083WQHDY9BJ"',
21 verbose headers   age: '0',
21 verbose headers   connection: 'keep-alive',
21 verbose headers   'x-served-by': 'cache-sin6927-SIN',
21 verbose headers   'x-cache': 'HIT',
21 verbose headers   'x-cache-hits': '1',
21 verbose headers   'x-timer': 'S1476812262.761351,VS0,VE996',
21 verbose headers   vary: 'Accept-Encoding' }
22 silly get cb [ 304,
22 silly get   { date: 'Tue, 18 Oct 2016 17:37:42 GMT',
22 silly get     via: '1.1 varnish',
22 silly get     'cache-control': 'max-age=300',
22 silly get     etag: '"5GUZZ8TC1ELEDS083WQHDY9BJ"',
22 silly get     age: '0',
22 silly get     connection: 'keep-alive',
22 silly get     'x-served-by': 'cache-sin6927-SIN',
22 silly get     'x-cache': 'HIT',
22 silly get     'x-cache-hits': '1',
22 silly get     'x-timer': 'S1476812262.761351,VS0,VE996',
22 silly get     vary: 'Accept-Encoding' } ]
23 verbose etag https://registry.npmjs.org/node-swipl from cache
24 verbose get saving node-swipl to /Users/Nattapat/.npm/registry.npmjs.org/node-swipl/.cache.json
25 verbose correctMkdir /Users/Nattapat/.npm correctMkdir not in flight; initializing
26 silly install normalizeTree
27 silly loadCurrentTree Finishing
28 silly loadIdealTree Starting
29 silly install loadIdealTree
30 silly cloneCurrentTree Starting
31 silly install cloneCurrentTreeToIdealTree
32 silly cloneCurrentTree Finishing
33 silly loadShrinkwrap Starting
34 silly install loadShrinkwrap
35 silly loadShrinkwrap Finishing
36 silly loadAllDepsIntoIdealTree Starting
37 silly install loadAllDepsIntoIdealTree
38 silly resolveWithNewModule node-swipl@0.2.0 checking installable status
39 silly cache add args [ 'node-swipl@0.2.0', null ]
40 verbose cache add spec node-swipl@0.2.0
41 silly cache add parsed spec Result {
41 silly cache add   raw: 'node-swipl@0.2.0',
41 silly cache add   scope: null,
41 silly cache add   name: 'node-swipl',
41 silly cache add   rawSpec: '0.2.0',
41 silly cache add   spec: '0.2.0',
41 silly cache add   type: 'version' }
42 silly addNamed node-swipl@0.2.0
43 verbose addNamed "0.2.0" is a plain semver version for node-swipl
44 silly mapToRegistry name node-swipl
45 silly mapToRegistry using default registry
46 silly mapToRegistry registry https://registry.npmjs.org/
47 silly mapToRegistry data Result {
47 silly mapToRegistry   raw: 'node-swipl',
47 silly mapToRegistry   scope: null,
47 silly mapToRegistry   name: 'node-swipl',
47 silly mapToRegistry   rawSpec: '',
47 silly mapToRegistry   spec: 'latest',
47 silly mapToRegistry   type: 'tag' }
48 silly mapToRegistry uri https://registry.npmjs.org/node-swipl
49 verbose addNameVersion registry:https://registry.npmjs.org/node-swipl not in flight; fetching
50 verbose get https://registry.npmjs.org/node-swipl not expired, no request
51 silly cache afterAdd node-swipl@0.2.0
52 verbose afterAdd /Users/Nattapat/.npm/node-swipl/0.2.0/package/package.json not in flight; writing
53 verbose correctMkdir /Users/Nattapat/.npm correctMkdir not in flight; initializing
54 verbose afterAdd /Users/Nattapat/.npm/node-swipl/0.2.0/package/package.json written
55 silly loadAllDepsIntoIdealTree Finishing
56 silly idealTree:prePrune PokemonWeakDetector@1.0.0
56 silly idealTree:prePrune ├── abbrev@1.0.9
56 silly idealTree:prePrune ├── accepts@1.3.3
56 silly idealTree:prePrune ├── ansi-regex@2.0.0
56 silly idealTree:prePrune ├── ansi-styles@2.2.1
56 silly idealTree:prePrune ├── anymatch@1.3.0
56 silly idealTree:prePrune ├── arr-diff@2.0.0
56 silly idealTree:prePrune ├── arr-flatten@1.0.1
56 silly idealTree:prePrune ├── array-flatten@1.1.1
56 silly idealTree:prePrune ├── array-unique@0.2.1
56 silly idealTree:prePrune ├── arrify@1.0.1
56 silly idealTree:prePrune ├── async-each@1.0.1
56 silly idealTree:prePrune ├── balanced-match@0.4.2
56 silly idealTree:prePrune ├── binary-extensions@1.7.0
56 silly idealTree:prePrune ├── body-parser@1.15.2
56 silly idealTree:prePrune ├── brace-expansion@1.1.6
56 silly idealTree:prePrune ├── braces@1.8.5
56 silly idealTree:prePrune ├── buffer-shims@1.0.0
56 silly idealTree:prePrune ├── bytes@2.4.0
56 silly idealTree:prePrune ├── chalk@1.1.3
56 silly idealTree:prePrune ├── chokidar@1.6.1
56 silly idealTree:prePrune ├── concat-map@0.0.1
56 silly idealTree:prePrune ├── configstore@1.4.0
56 silly idealTree:prePrune ├── content-disposition@0.5.1
56 silly idealTree:prePrune ├── content-type@1.0.2
56 silly idealTree:prePrune ├── cookie-signature@1.0.6
56 silly idealTree:prePrune ├── cookie@0.3.1
56 silly idealTree:prePrune ├── core-util-is@1.0.2
56 silly idealTree:prePrune ├── debug@2.2.0
56 silly idealTree:prePrune ├── deep-extend@0.4.1
56 silly idealTree:prePrune ├── depd@1.1.0
56 silly idealTree:prePrune ├── destroy@1.0.4
56 silly idealTree:prePrune ├── duplexer@0.1.1
56 silly idealTree:prePrune ├── duplexify@3.4.6
56 silly idealTree:prePrune ├── ee-first@1.1.1
56 silly idealTree:prePrune ├── encodeurl@1.0.1
56 silly idealTree:prePrune ├── end-of-stream@1.0.0
56 silly idealTree:prePrune ├── es6-promise@3.3.1
56 silly idealTree:prePrune ├── escape-html@1.0.3
56 silly idealTree:prePrune ├── escape-string-regexp@1.0.5
56 silly idealTree:prePrune ├── etag@1.7.0
56 silly idealTree:prePrune ├── event-stream@3.3.4
56 silly idealTree:prePrune ├── expand-brackets@0.1.5
56 silly idealTree:prePrune ├── expand-range@1.8.2
56 silly idealTree:prePrune ├── express@4.14.0
56 silly idealTree:prePrune ├── extglob@0.3.2
56 silly idealTree:prePrune ├── filename-regex@2.0.0
56 silly idealTree:prePrune ├── fill-range@2.2.3
56 silly idealTree:prePrune ├── finalhandler@0.5.0
56 silly idealTree:prePrune ├── for-in@0.1.6
56 silly idealTree:prePrune ├── for-own@0.1.4
56 silly idealTree:prePrune ├── forwarded@0.1.0
56 silly idealTree:prePrune ├── fresh@0.3.0
56 silly idealTree:prePrune ├── from@0.1.3
56 silly idealTree:prePrune ├─┬ fsevents@1.0.14
56 silly idealTree:prePrune │ ├── abbrev@1.0.9
56 silly idealTree:prePrune │ ├── ansi-regex@2.0.0
56 silly idealTree:prePrune │ ├── ansi-styles@2.2.1
56 silly idealTree:prePrune │ ├── aproba@1.0.4
56 silly idealTree:prePrune │ ├── are-we-there-yet@1.1.2
56 silly idealTree:prePrune │ ├── asn1@0.2.3
56 silly idealTree:prePrune │ ├── assert-plus@0.2.0
56 silly idealTree:prePrune │ ├── async@1.5.2
56 silly idealTree:prePrune │ ├── aws-sign2@0.6.0
56 silly idealTree:prePrune │ ├── aws4@1.4.1
56 silly idealTree:prePrune │ ├── balanced-match@0.4.2
56 silly idealTree:prePrune │ ├─┬ bl@1.1.2
56 silly idealTree:prePrune │ │ └── readable-stream@2.0.6
56 silly idealTree:prePrune │ ├── block-stream@0.0.9
56 silly idealTree:prePrune │ ├── boom@2.10.1
56 silly idealTree:prePrune │ ├── brace-expansion@1.1.5
56 silly idealTree:prePrune │ ├── buffer-shims@1.0.0
56 silly idealTree:prePrune │ ├── caseless@0.11.0
56 silly idealTree:prePrune │ ├── chalk@1.1.3
56 silly idealTree:prePrune │ ├── code-point-at@1.0.0
56 silly idealTree:prePrune │ ├── combined-stream@1.0.5
56 silly idealTree:prePrune │ ├── commander@2.9.0
56 silly idealTree:prePrune │ ├── concat-map@0.0.1
56 silly idealTree:prePrune │ ├── console-control-strings@1.1.0
56 silly idealTree:prePrune │ ├── core-util-is@1.0.2
56 silly idealTree:prePrune │ ├── cryptiles@2.0.5
56 silly idealTree:prePrune │ ├─┬ dashdash@1.14.0
56 silly idealTree:prePrune │ │ └── assert-plus@1.0.0
56 silly idealTree:prePrune │ ├── debug@2.2.0
56 silly idealTree:prePrune │ ├── deep-extend@0.4.1
56 silly idealTree:prePrune │ ├── delayed-stream@1.0.0
56 silly idealTree:prePrune │ ├── delegates@1.0.0
56 silly idealTree:prePrune │ ├── ecc-jsbn@0.1.1
56 silly idealTree:prePrune │ ├── escape-string-regexp@1.0.5
56 silly idealTree:prePrune │ ├── extend@3.0.0
56 silly idealTree:prePrune │ ├── extsprintf@1.0.2
56 silly idealTree:prePrune │ ├── forever-agent@0.6.1
56 silly idealTree:prePrune │ ├── form-data@1.0.0-rc4
56 silly idealTree:prePrune │ ├── fs.realpath@1.0.0
56 silly idealTree:prePrune │ ├── fstream-ignore@1.0.5
56 silly idealTree:prePrune │ ├── fstream@1.0.10
56 silly idealTree:prePrune │ ├── gauge@2.6.0
56 silly idealTree:prePrune │ ├── generate-function@2.0.0
56 silly idealTree:prePrune │ ├── generate-object-property@1.2.0
56 silly idealTree:prePrune │ ├─┬ getpass@0.1.6
56 silly idealTree:prePrune │ │ └── assert-plus@1.0.0
56 silly idealTree:prePrune │ ├── glob@7.0.5
56 silly idealTree:prePrune │ ├── graceful-fs@4.1.4
56 silly idealTree:prePrune │ ├── graceful-readlink@1.0.1
56 silly idealTree:prePrune │ ├── har-validator@2.0.6
56 silly idealTree:prePrune │ ├── has-ansi@2.0.0
56 silly idealTree:prePrune │ ├── has-color@0.1.7
56 silly idealTree:prePrune │ ├── has-unicode@2.0.1
56 silly idealTree:prePrune │ ├── hawk@3.1.3
56 silly idealTree:prePrune │ ├── hoek@2.16.3
56 silly idealTree:prePrune │ ├── http-signature@1.1.1
56 silly idealTree:prePrune │ ├── inflight@1.0.5
56 silly idealTree:prePrune │ ├── inherits@2.0.1
56 silly idealTree:prePrune │ ├── ini@1.3.4
56 silly idealTree:prePrune │ ├── is-fullwidth-code-point@1.0.0
56 silly idealTree:prePrune │ ├── is-my-json-valid@2.13.1
56 silly idealTree:prePrune │ ├── is-property@1.0.2
56 silly idealTree:prePrune │ ├── is-typedarray@1.0.0
56 silly idealTree:prePrune │ ├── isarray@1.0.0
56 silly idealTree:prePrune │ ├── isstream@0.1.2
56 silly idealTree:prePrune │ ├── jodid25519@1.0.2
56 silly idealTree:prePrune │ ├── jsbn@0.1.0
56 silly idealTree:prePrune │ ├── json-schema@0.2.2
56 silly idealTree:prePrune │ ├── json-stringify-safe@5.0.1
56 silly idealTree:prePrune │ ├── jsonpointer@2.0.0
56 silly idealTree:prePrune │ ├── jsprim@1.3.0
56 silly idealTree:prePrune │ ├── mime-db@1.23.0
56 silly idealTree:prePrune │ ├── mime-types@2.1.11
56 silly idealTree:prePrune │ ├── minimatch@3.0.2
56 silly idealTree:prePrune │ ├── minimist@0.0.8
56 silly idealTree:prePrune │ ├── mkdirp@0.5.1
56 silly idealTree:prePrune │ ├── ms@0.7.1
56 silly idealTree:prePrune │ ├── node-pre-gyp@0.6.29
56 silly idealTree:prePrune │ ├── node-uuid@1.4.7
56 silly idealTree:prePrune │ ├── nopt@3.0.6
56 silly idealTree:prePrune │ ├── npmlog@3.1.2
56 silly idealTree:prePrune │ ├── number-is-nan@1.0.0
56 silly idealTree:prePrune │ ├── oauth-sign@0.8.2
56 silly idealTree:prePrune │ ├── object-assign@4.1.0
56 silly idealTree:prePrune │ ├── once@1.3.3
56 silly idealTree:prePrune │ ├── path-is-absolute@1.0.0
56 silly idealTree:prePrune │ ├── pinkie-promise@2.0.1
56 silly idealTree:prePrune │ ├── pinkie@2.0.4
56 silly idealTree:prePrune │ ├── process-nextick-args@1.0.7
56 silly idealTree:prePrune │ ├── qs@6.2.0
56 silly idealTree:prePrune │ ├─┬ rc@1.1.6
56 silly idealTree:prePrune │ │ └── minimist@1.2.0
56 silly idealTree:prePrune │ ├── readable-stream@2.1.4
56 silly idealTree:prePrune │ ├── request@2.73.0
56 silly idealTree:prePrune │ ├── rimraf@2.5.3
56 silly idealTree:prePrune │ ├── semver@5.2.0
56 silly idealTree:prePrune │ ├── set-blocking@2.0.0
56 silly idealTree:prePrune │ ├── signal-exit@3.0.0
56 silly idealTree:prePrune │ ├── sntp@1.0.9
56 silly idealTree:prePrune │ ├─┬ sshpk@1.8.3
56 silly idealTree:prePrune │ │ └── assert-plus@1.0.0
56 silly idealTree:prePrune │ ├── string_decoder@0.10.31
56 silly idealTree:prePrune │ ├── string-width@1.0.1
56 silly idealTree:prePrune │ ├── stringstream@0.0.5
56 silly idealTree:prePrune │ ├── strip-ansi@3.0.1
56 silly idealTree:prePrune │ ├── strip-json-comments@1.0.4
56 silly idealTree:prePrune │ ├── supports-color@2.0.0
56 silly idealTree:prePrune │ ├── tar-pack@3.1.4
56 silly idealTree:prePrune │ ├── tar@2.2.1
56 silly idealTree:prePrune │ ├── tough-cookie@2.2.2
56 silly idealTree:prePrune │ ├── tunnel-agent@0.4.3
56 silly idealTree:prePrune │ ├── tweetnacl@0.13.3
56 silly idealTree:prePrune │ ├── uid-number@0.0.6
56 silly idealTree:prePrune │ ├── util-deprecate@1.0.2
56 silly idealTree:prePrune │ ├── verror@1.3.6
56 silly idealTree:prePrune │ ├── wide-align@1.1.0
56 silly idealTree:prePrune │ ├── wrappy@1.0.2
56 silly idealTree:prePrune │ └── xtend@4.0.1
56 silly idealTree:prePrune ├── glob-base@0.3.0
56 silly idealTree:prePrune ├── glob-parent@2.0.0
56 silly idealTree:prePrune ├─┬ got@3.3.1
56 silly idealTree:prePrune │ └── object-assign@3.0.0
56 silly idealTree:prePrune ├── graceful-fs@4.1.9
56 silly idealTree:prePrune ├── has-ansi@2.0.0
56 silly idealTree:prePrune ├── http-errors@1.5.0
56 silly idealTree:prePrune ├── iconv-lite@0.4.13
56 silly idealTree:prePrune ├── ignore-by-default@1.0.1
56 silly idealTree:prePrune ├── imurmurhash@0.1.4
56 silly idealTree:prePrune ├── infinity-agent@2.0.3
56 silly idealTree:prePrune ├── inherits@2.0.1
56 silly idealTree:prePrune ├── ini@1.3.4
56 silly idealTree:prePrune ├── ipaddr.js@1.1.1
56 silly idealTree:prePrune ├── is-binary-path@1.0.1
56 silly idealTree:prePrune ├── is-buffer@1.1.4
56 silly idealTree:prePrune ├── is-dotfile@1.0.2
56 silly idealTree:prePrune ├── is-equal-shallow@0.1.3
56 silly idealTree:prePrune ├── is-extendable@0.1.1
56 silly idealTree:prePrune ├── is-extglob@1.0.0
56 silly idealTree:prePrune ├── is-finite@1.0.2
56 silly idealTree:prePrune ├── is-glob@2.0.1
56 silly idealTree:prePrune ├── is-npm@1.0.0
56 silly idealTree:prePrune ├── is-number@2.1.0
56 silly idealTree:prePrune ├── is-posix-bracket@0.1.1
56 silly idealTree:prePrune ├── is-primitive@2.0.0
56 silly idealTree:prePrune ├── is-redirect@1.0.0
56 silly idealTree:prePrune ├── is-stream@1.1.0
56 silly idealTree:prePrune ├── isarray@1.0.0
56 silly idealTree:prePrune ├── isobject@2.1.0
56 silly idealTree:prePrune ├── jsprolog@0.1.2
56 silly idealTree:prePrune ├── kind-of@3.0.4
56 silly idealTree:prePrune ├── latest-version@1.0.1
56 silly idealTree:prePrune ├── lodash._baseassign@3.2.0
56 silly idealTree:prePrune ├── lodash._basecopy@3.0.1
56 silly idealTree:prePrune ├── lodash._bindcallback@3.0.1
56 silly idealTree:prePrune ├── lodash._createassigner@3.1.1
56 silly idealTree:prePrune ├── lodash._getnative@3.9.1
56 silly idealTree:prePrune ├── lodash._isiterateecall@3.0.9
56 silly idealTree:prePrune ├── lodash.assign@3.2.0
56 silly idealTree:prePrune ├── lodash.defaults@3.1.2
56 silly idealTree:prePrune ├── lodash.isarguments@3.1.0
56 silly idealTree:prePrune ├── lodash.isarray@3.0.4
56 silly idealTree:prePrune ├── lodash.keys@3.1.2
56 silly idealTree:prePrune ├── lodash.restparam@3.6.1
56 silly idealTree:prePrune ├── lowercase-keys@1.0.0
56 silly idealTree:prePrune ├── map-stream@0.1.0
56 silly idealTree:prePrune ├── media-typer@0.3.0
56 silly idealTree:prePrune ├── merge-descriptors@1.0.1
56 silly idealTree:prePrune ├── methods@1.1.2
56 silly idealTree:prePrune ├── micromatch@2.3.11
56 silly idealTree:prePrune ├── mime-db@1.24.0
56 silly idealTree:prePrune ├── mime-types@2.1.12
56 silly idealTree:prePrune ├── mime@1.3.4
56 silly idealTree:prePrune ├── minimatch@3.0.3
56 silly idealTree:prePrune ├── minimist@0.0.8
56 silly idealTree:prePrune ├── mkdirp@0.5.1
56 silly idealTree:prePrune ├── ms@0.7.1
56 silly idealTree:prePrune ├── nan@2.4.0
56 silly idealTree:prePrune ├── negotiator@0.6.1
56 silly idealTree:prePrune ├── nested-error-stacks@1.0.2
56 silly idealTree:prePrune ├── node-swipl@0.2.0
56 silly idealTree:prePrune ├── nodemon@1.11.0
56 silly idealTree:prePrune ├── nopt@1.0.10
56 silly idealTree:prePrune ├── normalize-path@2.0.1
56 silly idealTree:prePrune ├── number-is-nan@1.0.1
56 silly idealTree:prePrune ├── object-assign@4.1.0
56 silly idealTree:prePrune ├── object.omit@2.0.0
56 silly idealTree:prePrune ├── on-finished@2.3.0
56 silly idealTree:prePrune ├── once@1.3.3
56 silly idealTree:prePrune ├── os-homedir@1.0.2
56 silly idealTree:prePrune ├── os-tmpdir@1.0.2
56 silly idealTree:prePrune ├── osenv@0.1.3
56 silly idealTree:prePrune ├── package-json@1.2.0
56 silly idealTree:prePrune ├── parse-glob@3.0.4
56 silly idealTree:prePrune ├── parseurl@1.3.1
56 silly idealTree:prePrune ├── path-is-absolute@1.0.1
56 silly idealTree:prePrune ├── path-to-regexp@0.1.7
56 silly idealTree:prePrune ├── pause-stream@0.0.11
56 silly idealTree:prePrune ├── pinkie-promise@2.0.1
56 silly idealTree:prePrune ├── pinkie@2.0.4
56 silly idealTree:prePrune ├── prepend-http@1.0.4
56 silly idealTree:prePrune ├── preserve@0.2.0
56 silly idealTree:prePrune ├── process-nextick-args@1.0.7
56 silly idealTree:prePrune ├── proxy-addr@1.1.2
56 silly idealTree:prePrune ├── ps-tree@1.1.0
56 silly idealTree:prePrune ├── qs@6.2.0
56 silly idealTree:prePrune ├── randomatic@1.1.5
56 silly idealTree:prePrune ├── range-parser@1.2.0
56 silly idealTree:prePrune ├── raw-body@2.1.7
56 silly idealTree:prePrune ├─┬ rc@1.1.6
56 silly idealTree:prePrune │ └── minimist@1.2.0
56 silly idealTree:prePrune ├── read-all-stream@3.1.0
56 silly idealTree:prePrune ├── readable-stream@2.1.5
56 silly idealTree:prePrune ├── readdirp@2.1.0
56 silly idealTree:prePrune ├── regex-cache@0.4.3
56 silly idealTree:prePrune ├── registry-url@3.1.0
56 silly idealTree:prePrune ├── repeat-element@1.1.2
56 silly idealTree:prePrune ├── repeat-string@1.5.4
56 silly idealTree:prePrune ├── repeating@1.1.3
56 silly idealTree:prePrune ├── semver-diff@2.1.0
56 silly idealTree:prePrune ├── semver@5.3.0
56 silly idealTree:prePrune ├── send@0.14.1
56 silly idealTree:prePrune ├── serve-static@1.11.1
56 silly idealTree:prePrune ├── set-immediate-shim@1.0.1
56 silly idealTree:prePrune ├── setprototypeof@1.0.1
56 silly idealTree:prePrune ├── slide@1.1.6
56 silly idealTree:prePrune ├── split@0.3.3
56 silly idealTree:prePrune ├── statuses@1.3.0
56 silly idealTree:prePrune ├── stream-combiner@0.0.4
56 silly idealTree:prePrune ├── stream-shift@1.0.0
56 silly idealTree:prePrune ├── string_decoder@0.10.31
56 silly idealTree:prePrune ├── string-length@1.0.1
56 silly idealTree:prePrune ├── strip-ansi@3.0.1
56 silly idealTree:prePrune ├── strip-json-comments@1.0.4
56 silly idealTree:prePrune ├── supports-color@2.0.0
56 silly idealTree:prePrune ├── through@2.3.8
56 silly idealTree:prePrune ├── timed-out@2.0.0
56 silly idealTree:prePrune ├── touch@1.0.0
56 silly idealTree:prePrune ├── type-is@1.6.13
56 silly idealTree:prePrune ├── undefsafe@0.0.3
56 silly idealTree:prePrune ├── unpipe@1.0.0
56 silly idealTree:prePrune ├── update-notifier@0.5.0
56 silly idealTree:prePrune ├── util-deprecate@1.0.2
56 silly idealTree:prePrune ├── utils-merge@1.0.0
56 silly idealTree:prePrune ├── uuid@2.0.3
56 silly idealTree:prePrune ├── vary@1.1.0
56 silly idealTree:prePrune ├── wrappy@1.0.2
56 silly idealTree:prePrune ├── write-file-atomic@1.2.0
56 silly idealTree:prePrune └── xdg-basedir@2.0.0
57 silly loadIdealTree Finishing
58 silly currentTree PokemonWeakDetector@1.0.0
58 silly currentTree ├── abbrev@1.0.9
58 silly currentTree ├── accepts@1.3.3
58 silly currentTree ├── ansi-regex@2.0.0
58 silly currentTree ├── ansi-styles@2.2.1
58 silly currentTree ├── anymatch@1.3.0
58 silly currentTree ├── arr-diff@2.0.0
58 silly currentTree ├── arr-flatten@1.0.1
58 silly currentTree ├── array-flatten@1.1.1
58 silly currentTree ├── array-unique@0.2.1
58 silly currentTree ├── arrify@1.0.1
58 silly currentTree ├── async-each@1.0.1
58 silly currentTree ├── balanced-match@0.4.2
58 silly currentTree ├── binary-extensions@1.7.0
58 silly currentTree ├── body-parser@1.15.2
58 silly currentTree ├── brace-expansion@1.1.6
58 silly currentTree ├── braces@1.8.5
58 silly currentTree ├── buffer-shims@1.0.0
58 silly currentTree ├── bytes@2.4.0
58 silly currentTree ├── chalk@1.1.3
58 silly currentTree ├── chokidar@1.6.1
58 silly currentTree ├── concat-map@0.0.1
58 silly currentTree ├── configstore@1.4.0
58 silly currentTree ├── content-disposition@0.5.1
58 silly currentTree ├── content-type@1.0.2
58 silly currentTree ├── cookie-signature@1.0.6
58 silly currentTree ├── cookie@0.3.1
58 silly currentTree ├── core-util-is@1.0.2
58 silly currentTree ├── debug@2.2.0
58 silly currentTree ├── deep-extend@0.4.1
58 silly currentTree ├── depd@1.1.0
58 silly currentTree ├── destroy@1.0.4
58 silly currentTree ├── duplexer@0.1.1
58 silly currentTree ├── duplexify@3.4.6
58 silly currentTree ├── ee-first@1.1.1
58 silly currentTree ├── encodeurl@1.0.1
58 silly currentTree ├── end-of-stream@1.0.0
58 silly currentTree ├── es6-promise@3.3.1
58 silly currentTree ├── escape-html@1.0.3
58 silly currentTree ├── escape-string-regexp@1.0.5
58 silly currentTree ├── etag@1.7.0
58 silly currentTree ├── event-stream@3.3.4
58 silly currentTree ├── expand-brackets@0.1.5
58 silly currentTree ├── expand-range@1.8.2
58 silly currentTree ├── express@4.14.0
58 silly currentTree ├── extglob@0.3.2
58 silly currentTree ├── filename-regex@2.0.0
58 silly currentTree ├── fill-range@2.2.3
58 silly currentTree ├── finalhandler@0.5.0
58 silly currentTree ├── for-in@0.1.6
58 silly currentTree ├── for-own@0.1.4
58 silly currentTree ├── forwarded@0.1.0
58 silly currentTree ├── fresh@0.3.0
58 silly currentTree ├── from@0.1.3
58 silly currentTree ├─┬ fsevents@1.0.14
58 silly currentTree │ ├── abbrev@1.0.9
58 silly currentTree │ ├── ansi-regex@2.0.0
58 silly currentTree │ ├── ansi-styles@2.2.1
58 silly currentTree │ ├── aproba@1.0.4
58 silly currentTree │ ├── are-we-there-yet@1.1.2
58 silly currentTree │ ├── asn1@0.2.3
58 silly currentTree │ ├── assert-plus@0.2.0
58 silly currentTree │ ├── async@1.5.2
58 silly currentTree │ ├── aws-sign2@0.6.0
58 silly currentTree │ ├── aws4@1.4.1
58 silly currentTree │ ├── balanced-match@0.4.2
58 silly currentTree │ ├─┬ bl@1.1.2
58 silly currentTree │ │ └── readable-stream@2.0.6
58 silly currentTree │ ├── block-stream@0.0.9
58 silly currentTree │ ├── boom@2.10.1
58 silly currentTree │ ├── brace-expansion@1.1.5
58 silly currentTree │ ├── buffer-shims@1.0.0
58 silly currentTree │ ├── caseless@0.11.0
58 silly currentTree │ ├── chalk@1.1.3
58 silly currentTree │ ├── code-point-at@1.0.0
58 silly currentTree │ ├── combined-stream@1.0.5
58 silly currentTree │ ├── commander@2.9.0
58 silly currentTree │ ├── concat-map@0.0.1
58 silly currentTree │ ├── console-control-strings@1.1.0
58 silly currentTree │ ├── core-util-is@1.0.2
58 silly currentTree │ ├── cryptiles@2.0.5
58 silly currentTree │ ├─┬ dashdash@1.14.0
58 silly currentTree │ │ └── assert-plus@1.0.0
58 silly currentTree │ ├── debug@2.2.0
58 silly currentTree │ ├── deep-extend@0.4.1
58 silly currentTree │ ├── delayed-stream@1.0.0
58 silly currentTree │ ├── delegates@1.0.0
58 silly currentTree │ ├── ecc-jsbn@0.1.1
58 silly currentTree │ ├── escape-string-regexp@1.0.5
58 silly currentTree │ ├── extend@3.0.0
58 silly currentTree │ ├── extsprintf@1.0.2
58 silly currentTree │ ├── forever-agent@0.6.1
58 silly currentTree │ ├── form-data@1.0.0-rc4
58 silly currentTree │ ├── fs.realpath@1.0.0
58 silly currentTree │ ├── fstream-ignore@1.0.5
58 silly currentTree │ ├── fstream@1.0.10
58 silly currentTree │ ├── gauge@2.6.0
58 silly currentTree │ ├── generate-function@2.0.0
58 silly currentTree │ ├── generate-object-property@1.2.0
58 silly currentTree │ ├─┬ getpass@0.1.6
58 silly currentTree │ │ └── assert-plus@1.0.0
58 silly currentTree │ ├── glob@7.0.5
58 silly currentTree │ ├── graceful-fs@4.1.4
58 silly currentTree │ ├── graceful-readlink@1.0.1
58 silly currentTree │ ├── har-validator@2.0.6
58 silly currentTree │ ├── has-ansi@2.0.0
58 silly currentTree │ ├── has-color@0.1.7
58 silly currentTree │ ├── has-unicode@2.0.1
58 silly currentTree │ ├── hawk@3.1.3
58 silly currentTree │ ├── hoek@2.16.3
58 silly currentTree │ ├── http-signature@1.1.1
58 silly currentTree │ ├── inflight@1.0.5
58 silly currentTree │ ├── inherits@2.0.1
58 silly currentTree │ ├── ini@1.3.4
58 silly currentTree │ ├── is-fullwidth-code-point@1.0.0
58 silly currentTree │ ├── is-my-json-valid@2.13.1
58 silly currentTree │ ├── is-property@1.0.2
58 silly currentTree │ ├── is-typedarray@1.0.0
58 silly currentTree │ ├── isarray@1.0.0
58 silly currentTree │ ├── isstream@0.1.2
58 silly currentTree │ ├── jodid25519@1.0.2
58 silly currentTree │ ├── jsbn@0.1.0
58 silly currentTree │ ├── json-schema@0.2.2
58 silly currentTree │ ├── json-stringify-safe@5.0.1
58 silly currentTree │ ├── jsonpointer@2.0.0
58 silly currentTree │ ├── jsprim@1.3.0
58 silly currentTree │ ├── mime-db@1.23.0
58 silly currentTree │ ├── mime-types@2.1.11
58 silly currentTree │ ├── minimatch@3.0.2
58 silly currentTree │ ├── minimist@0.0.8
58 silly currentTree │ ├── mkdirp@0.5.1
58 silly currentTree │ ├── ms@0.7.1
58 silly currentTree │ ├── node-pre-gyp@0.6.29
58 silly currentTree │ ├── node-uuid@1.4.7
58 silly currentTree │ ├── nopt@3.0.6
58 silly currentTree │ ├── npmlog@3.1.2
58 silly currentTree │ ├── number-is-nan@1.0.0
58 silly currentTree │ ├── oauth-sign@0.8.2
58 silly currentTree │ ├── object-assign@4.1.0
58 silly currentTree │ ├── once@1.3.3
58 silly currentTree │ ├── path-is-absolute@1.0.0
58 silly currentTree │ ├── pinkie-promise@2.0.1
58 silly currentTree │ ├── pinkie@2.0.4
58 silly currentTree │ ├── process-nextick-args@1.0.7
58 silly currentTree │ ├── qs@6.2.0
58 silly currentTree │ ├─┬ rc@1.1.6
58 silly currentTree │ │ └── minimist@1.2.0
58 silly currentTree │ ├── readable-stream@2.1.4
58 silly currentTree │ ├── request@2.73.0
58 silly currentTree │ ├── rimraf@2.5.3
58 silly currentTree │ ├── semver@5.2.0
58 silly currentTree │ ├── set-blocking@2.0.0
58 silly currentTree │ ├── signal-exit@3.0.0
58 silly currentTree │ ├── sntp@1.0.9
58 silly currentTree │ ├─┬ sshpk@1.8.3
58 silly currentTree │ │ └── assert-plus@1.0.0
58 silly currentTree │ ├── string_decoder@0.10.31
58 silly currentTree │ ├── string-width@1.0.1
58 silly currentTree │ ├── stringstream@0.0.5
58 silly currentTree │ ├── strip-ansi@3.0.1
58 silly currentTree │ ├── strip-json-comments@1.0.4
58 silly currentTree │ ├── supports-color@2.0.0
58 silly currentTree │ ├── tar-pack@3.1.4
58 silly currentTree │ ├── tar@2.2.1
58 silly currentTree │ ├── tough-cookie@2.2.2
58 silly currentTree │ ├── tunnel-agent@0.4.3
58 silly currentTree │ ├── tweetnacl@0.13.3
58 silly currentTree │ ├── uid-number@0.0.6
58 silly currentTree │ ├── util-deprecate@1.0.2
58 silly currentTree │ ├── verror@1.3.6
58 silly currentTree │ ├── wide-align@1.1.0
58 silly currentTree │ ├── wrappy@1.0.2
58 silly currentTree │ └── xtend@4.0.1
58 silly currentTree ├── glob-base@0.3.0
58 silly currentTree ├── glob-parent@2.0.0
58 silly currentTree ├─┬ got@3.3.1
58 silly currentTree │ └── object-assign@3.0.0
58 silly currentTree ├── graceful-fs@4.1.9
58 silly currentTree ├── has-ansi@2.0.0
58 silly currentTree ├── http-errors@1.5.0
58 silly currentTree ├── iconv-lite@0.4.13
58 silly currentTree ├── ignore-by-default@1.0.1
58 silly currentTree ├── imurmurhash@0.1.4
58 silly currentTree ├── infinity-agent@2.0.3
58 silly currentTree ├── inherits@2.0.1
58 silly currentTree ├── ini@1.3.4
58 silly currentTree ├── ipaddr.js@1.1.1
58 silly currentTree ├── is-binary-path@1.0.1
58 silly currentTree ├── is-buffer@1.1.4
58 silly currentTree ├── is-dotfile@1.0.2
58 silly currentTree ├── is-equal-shallow@0.1.3
58 silly currentTree ├── is-extendable@0.1.1
58 silly currentTree ├── is-extglob@1.0.0
58 silly currentTree ├── is-finite@1.0.2
58 silly currentTree ├── is-glob@2.0.1
58 silly currentTree ├── is-npm@1.0.0
58 silly currentTree ├── is-number@2.1.0
58 silly currentTree ├── is-posix-bracket@0.1.1
58 silly currentTree ├── is-primitive@2.0.0
58 silly currentTree ├── is-redirect@1.0.0
58 silly currentTree ├── is-stream@1.1.0
58 silly currentTree ├── isarray@1.0.0
58 silly currentTree ├── isobject@2.1.0
58 silly currentTree ├── jsprolog@0.1.2
58 silly currentTree ├── kind-of@3.0.4
58 silly currentTree ├── latest-version@1.0.1
58 silly currentTree ├── lodash._baseassign@3.2.0
58 silly currentTree ├── lodash._basecopy@3.0.1
58 silly currentTree ├── lodash._bindcallback@3.0.1
58 silly currentTree ├── lodash._createassigner@3.1.1
58 silly currentTree ├── lodash._getnative@3.9.1
58 silly currentTree ├── lodash._isiterateecall@3.0.9
58 silly currentTree ├── lodash.assign@3.2.0
58 silly currentTree ├── lodash.defaults@3.1.2
58 silly currentTree ├── lodash.isarguments@3.1.0
58 silly currentTree ├── lodash.isarray@3.0.4
58 silly currentTree ├── lodash.keys@3.1.2
58 silly currentTree ├── lodash.restparam@3.6.1
58 silly currentTree ├── lowercase-keys@1.0.0
58 silly currentTree ├── map-stream@0.1.0
58 silly currentTree ├── media-typer@0.3.0
58 silly currentTree ├── merge-descriptors@1.0.1
58 silly currentTree ├── methods@1.1.2
58 silly currentTree ├── micromatch@2.3.11
58 silly currentTree ├── mime-db@1.24.0
58 silly currentTree ├── mime-types@2.1.12
58 silly currentTree ├── mime@1.3.4
58 silly currentTree ├── minimatch@3.0.3
58 silly currentTree ├── minimist@0.0.8
58 silly currentTree ├── mkdirp@0.5.1
58 silly currentTree ├── ms@0.7.1
58 silly currentTree ├── nan@2.4.0
58 silly currentTree ├── negotiator@0.6.1
58 silly currentTree ├── nested-error-stacks@1.0.2
58 silly currentTree ├── nodemon@1.11.0
58 silly currentTree ├── nopt@1.0.10
58 silly currentTree ├── normalize-path@2.0.1
58 silly currentTree ├── number-is-nan@1.0.1
58 silly currentTree ├── object-assign@4.1.0
58 silly currentTree ├── object.omit@2.0.0
58 silly currentTree ├── on-finished@2.3.0
58 silly currentTree ├── once@1.3.3
58 silly currentTree ├── os-homedir@1.0.2
58 silly currentTree ├── os-tmpdir@1.0.2
58 silly currentTree ├── osenv@0.1.3
58 silly currentTree ├── package-json@1.2.0
58 silly currentTree ├── parse-glob@3.0.4
58 silly currentTree ├── parseurl@1.3.1
58 silly currentTree ├── path-is-absolute@1.0.1
58 silly currentTree ├── path-to-regexp@0.1.7
58 silly currentTree ├── pause-stream@0.0.11
58 silly currentTree ├── pinkie-promise@2.0.1
58 silly currentTree ├── pinkie@2.0.4
58 silly currentTree ├── prepend-http@1.0.4
58 silly currentTree ├── preserve@0.2.0
58 silly currentTree ├── process-nextick-args@1.0.7
58 silly currentTree ├── proxy-addr@1.1.2
58 silly currentTree ├── ps-tree@1.1.0
58 silly currentTree ├── qs@6.2.0
58 silly currentTree ├── randomatic@1.1.5
58 silly currentTree ├── range-parser@1.2.0
58 silly currentTree ├── raw-body@2.1.7
58 silly currentTree ├─┬ rc@1.1.6
58 silly currentTree │ └── minimist@1.2.0
58 silly currentTree ├── read-all-stream@3.1.0
58 silly currentTree ├── readable-stream@2.1.5
58 silly currentTree ├── readdirp@2.1.0
58 silly currentTree ├── regex-cache@0.4.3
58 silly currentTree ├── registry-url@3.1.0
58 silly currentTree ├── repeat-element@1.1.2
58 silly currentTree ├── repeat-string@1.5.4
58 silly currentTree ├── repeating@1.1.3
58 silly currentTree ├── semver-diff@2.1.0
58 silly currentTree ├── semver@5.3.0
58 silly currentTree ├── send@0.14.1
58 silly currentTree ├── serve-static@1.11.1
58 silly currentTree ├── set-immediate-shim@1.0.1
58 silly currentTree ├── setprototypeof@1.0.1
58 silly currentTree ├── slide@1.1.6
58 silly currentTree ├── split@0.3.3
58 silly currentTree ├── statuses@1.3.0
58 silly currentTree ├── stream-combiner@0.0.4
58 silly currentTree ├── stream-shift@1.0.0
58 silly currentTree ├── string_decoder@0.10.31
58 silly currentTree ├── string-length@1.0.1
58 silly currentTree ├── strip-ansi@3.0.1
58 silly currentTree ├── strip-json-comments@1.0.4
58 silly currentTree ├── supports-color@2.0.0
58 silly currentTree ├── through@2.3.8
58 silly currentTree ├── timed-out@2.0.0
58 silly currentTree ├── touch@1.0.0
58 silly currentTree ├── type-is@1.6.13
58 silly currentTree ├── undefsafe@0.0.3
58 silly currentTree ├── unpipe@1.0.0
58 silly currentTree ├── update-notifier@0.5.0
58 silly currentTree ├── util-deprecate@1.0.2
58 silly currentTree ├── utils-merge@1.0.0
58 silly currentTree ├── uuid@2.0.3
58 silly currentTree ├── vary@1.1.0
58 silly currentTree ├── wrappy@1.0.2
58 silly currentTree ├── write-file-atomic@1.2.0
58 silly currentTree └── xdg-basedir@2.0.0
59 silly idealTree PokemonWeakDetector@1.0.0
59 silly idealTree ├── abbrev@1.0.9
59 silly idealTree ├── accepts@1.3.3
59 silly idealTree ├── ansi-regex@2.0.0
59 silly idealTree ├── ansi-styles@2.2.1
59 silly idealTree ├── anymatch@1.3.0
59 silly idealTree ├── arr-diff@2.0.0
59 silly idealTree ├── arr-flatten@1.0.1
59 silly idealTree ├── array-flatten@1.1.1
59 silly idealTree ├── array-unique@0.2.1
59 silly idealTree ├── arrify@1.0.1
59 silly idealTree ├── async-each@1.0.1
59 silly idealTree ├── balanced-match@0.4.2
59 silly idealTree ├── binary-extensions@1.7.0
59 silly idealTree ├── body-parser@1.15.2
59 silly idealTree ├── brace-expansion@1.1.6
59 silly idealTree ├── braces@1.8.5
59 silly idealTree ├── buffer-shims@1.0.0
59 silly idealTree ├── bytes@2.4.0
59 silly idealTree ├── chalk@1.1.3
59 silly idealTree ├── chokidar@1.6.1
59 silly idealTree ├── concat-map@0.0.1
59 silly idealTree ├── configstore@1.4.0
59 silly idealTree ├── content-disposition@0.5.1
59 silly idealTree ├── content-type@1.0.2
59 silly idealTree ├── cookie-signature@1.0.6
59 silly idealTree ├── cookie@0.3.1
59 silly idealTree ├── core-util-is@1.0.2
59 silly idealTree ├── debug@2.2.0
59 silly idealTree ├── deep-extend@0.4.1
59 silly idealTree ├── depd@1.1.0
59 silly idealTree ├── destroy@1.0.4
59 silly idealTree ├── duplexer@0.1.1
59 silly idealTree ├── duplexify@3.4.6
59 silly idealTree ├── ee-first@1.1.1
59 silly idealTree ├── encodeurl@1.0.1
59 silly idealTree ├── end-of-stream@1.0.0
59 silly idealTree ├── es6-promise@3.3.1
59 silly idealTree ├── escape-html@1.0.3
59 silly idealTree ├── escape-string-regexp@1.0.5
59 silly idealTree ├── etag@1.7.0
59 silly idealTree ├── event-stream@3.3.4
59 silly idealTree ├── expand-brackets@0.1.5
59 silly idealTree ├── expand-range@1.8.2
59 silly idealTree ├── express@4.14.0
59 silly idealTree ├── extglob@0.3.2
59 silly idealTree ├── filename-regex@2.0.0
59 silly idealTree ├── fill-range@2.2.3
59 silly idealTree ├── finalhandler@0.5.0
59 silly idealTree ├── for-in@0.1.6
59 silly idealTree ├── for-own@0.1.4
59 silly idealTree ├── forwarded@0.1.0
59 silly idealTree ├── fresh@0.3.0
59 silly idealTree ├── from@0.1.3
59 silly idealTree ├─┬ fsevents@1.0.14
59 silly idealTree │ ├── abbrev@1.0.9
59 silly idealTree │ ├── ansi-regex@2.0.0
59 silly idealTree │ ├── ansi-styles@2.2.1
59 silly idealTree │ ├── aproba@1.0.4
59 silly idealTree │ ├── are-we-there-yet@1.1.2
59 silly idealTree │ ├── asn1@0.2.3
59 silly idealTree │ ├── assert-plus@0.2.0
59 silly idealTree │ ├── async@1.5.2
59 silly idealTree │ ├── aws-sign2@0.6.0
59 silly idealTree │ ├── aws4@1.4.1
59 silly idealTree │ ├── balanced-match@0.4.2
59 silly idealTree │ ├─┬ bl@1.1.2
59 silly idealTree │ │ └── readable-stream@2.0.6
59 silly idealTree │ ├── block-stream@0.0.9
59 silly idealTree │ ├── boom@2.10.1
59 silly idealTree │ ├── brace-expansion@1.1.5
59 silly idealTree │ ├── buffer-shims@1.0.0
59 silly idealTree │ ├── caseless@0.11.0
59 silly idealTree │ ├── chalk@1.1.3
59 silly idealTree │ ├── code-point-at@1.0.0
59 silly idealTree │ ├── combined-stream@1.0.5
59 silly idealTree │ ├── commander@2.9.0
59 silly idealTree │ ├── concat-map@0.0.1
59 silly idealTree │ ├── console-control-strings@1.1.0
59 silly idealTree │ ├── core-util-is@1.0.2
59 silly idealTree │ ├── cryptiles@2.0.5
59 silly idealTree │ ├─┬ dashdash@1.14.0
59 silly idealTree │ │ └── assert-plus@1.0.0
59 silly idealTree │ ├── debug@2.2.0
59 silly idealTree │ ├── deep-extend@0.4.1
59 silly idealTree │ ├── delayed-stream@1.0.0
59 silly idealTree │ ├── delegates@1.0.0
59 silly idealTree │ ├── ecc-jsbn@0.1.1
59 silly idealTree │ ├── escape-string-regexp@1.0.5
59 silly idealTree │ ├── extend@3.0.0
59 silly idealTree │ ├── extsprintf@1.0.2
59 silly idealTree │ ├── forever-agent@0.6.1
59 silly idealTree │ ├── form-data@1.0.0-rc4
59 silly idealTree │ ├── fs.realpath@1.0.0
59 silly idealTree │ ├── fstream-ignore@1.0.5
59 silly idealTree │ ├── fstream@1.0.10
59 silly idealTree │ ├── gauge@2.6.0
59 silly idealTree │ ├── generate-function@2.0.0
59 silly idealTree │ ├── generate-object-property@1.2.0
59 silly idealTree │ ├─┬ getpass@0.1.6
59 silly idealTree │ │ └── assert-plus@1.0.0
59 silly idealTree │ ├── glob@7.0.5
59 silly idealTree │ ├── graceful-fs@4.1.4
59 silly idealTree │ ├── graceful-readlink@1.0.1
59 silly idealTree │ ├── har-validator@2.0.6
59 silly idealTree │ ├── has-ansi@2.0.0
59 silly idealTree │ ├── has-color@0.1.7
59 silly idealTree │ ├── has-unicode@2.0.1
59 silly idealTree │ ├── hawk@3.1.3
59 silly idealTree │ ├── hoek@2.16.3
59 silly idealTree │ ├── http-signature@1.1.1
59 silly idealTree │ ├── inflight@1.0.5
59 silly idealTree │ ├── inherits@2.0.1
59 silly idealTree │ ├── ini@1.3.4
59 silly idealTree │ ├── is-fullwidth-code-point@1.0.0
59 silly idealTree │ ├── is-my-json-valid@2.13.1
59 silly idealTree │ ├── is-property@1.0.2
59 silly idealTree │ ├── is-typedarray@1.0.0
59 silly idealTree │ ├── isarray@1.0.0
59 silly idealTree │ ├── isstream@0.1.2
59 silly idealTree │ ├── jodid25519@1.0.2
59 silly idealTree │ ├── jsbn@0.1.0
59 silly idealTree │ ├── json-schema@0.2.2
59 silly idealTree │ ├── json-stringify-safe@5.0.1
59 silly idealTree │ ├── jsonpointer@2.0.0
59 silly idealTree │ ├── jsprim@1.3.0
59 silly idealTree │ ├── mime-db@1.23.0
59 silly idealTree │ ├── mime-types@2.1.11
59 silly idealTree │ ├── minimatch@3.0.2
59 silly idealTree │ ├── minimist@0.0.8
59 silly idealTree │ ├── mkdirp@0.5.1
59 silly idealTree │ ├── ms@0.7.1
59 silly idealTree │ ├── node-pre-gyp@0.6.29
59 silly idealTree │ ├── node-uuid@1.4.7
59 silly idealTree │ ├── nopt@3.0.6
59 silly idealTree │ ├── npmlog@3.1.2
59 silly idealTree │ ├── number-is-nan@1.0.0
59 silly idealTree │ ├── oauth-sign@0.8.2
59 silly idealTree │ ├── object-assign@4.1.0
59 silly idealTree │ ├── once@1.3.3
59 silly idealTree │ ├── path-is-absolute@1.0.0
59 silly idealTree │ ├── pinkie-promise@2.0.1
59 silly idealTree │ ├── pinkie@2.0.4
59 silly idealTree │ ├── process-nextick-args@1.0.7
59 silly idealTree │ ├── qs@6.2.0
59 silly idealTree │ ├─┬ rc@1.1.6
59 silly idealTree │ │ └── minimist@1.2.0
59 silly idealTree │ ├── readable-stream@2.1.4
59 silly idealTree │ ├── request@2.73.0
59 silly idealTree │ ├── rimraf@2.5.3
59 silly idealTree │ ├── semver@5.2.0
59 silly idealTree │ ├── set-blocking@2.0.0
59 silly idealTree │ ├── signal-exit@3.0.0
59 silly idealTree │ ├── sntp@1.0.9
59 silly idealTree │ ├─┬ sshpk@1.8.3
59 silly idealTree │ │ └── assert-plus@1.0.0
59 silly idealTree │ ├── string_decoder@0.10.31
59 silly idealTree │ ├── string-width@1.0.1
59 silly idealTree │ ├── stringstream@0.0.5
59 silly idealTree │ ├── strip-ansi@3.0.1
59 silly idealTree │ ├── strip-json-comments@1.0.4
59 silly idealTree │ ├── supports-color@2.0.0
59 silly idealTree │ ├── tar-pack@3.1.4
59 silly idealTree │ ├── tar@2.2.1
59 silly idealTree │ ├── tough-cookie@2.2.2
59 silly idealTree │ ├── tunnel-agent@0.4.3
59 silly idealTree │ ├── tweetnacl@0.13.3
59 silly idealTree │ ├── uid-number@0.0.6
59 silly idealTree │ ├── util-deprecate@1.0.2
59 silly idealTree │ ├── verror@1.3.6
59 silly idealTree │ ├── wide-align@1.1.0
59 silly idealTree │ ├── wrappy@1.0.2
59 silly idealTree │ └── xtend@4.0.1
59 silly idealTree ├── glob-base@0.3.0
59 silly idealTree ├── glob-parent@2.0.0
59 silly idealTree ├─┬ got@3.3.1
59 silly idealTree │ └── object-assign@3.0.0
59 silly idealTree ├── graceful-fs@4.1.9
59 silly idealTree ├── has-ansi@2.0.0
59 silly idealTree ├── http-errors@1.5.0
59 silly idealTree ├── iconv-lite@0.4.13
59 silly idealTree ├── ignore-by-default@1.0.1
59 silly idealTree ├── imurmurhash@0.1.4
59 silly idealTree ├── infinity-agent@2.0.3
59 silly idealTree ├── inherits@2.0.1
59 silly idealTree ├── ini@1.3.4
59 silly idealTree ├── ipaddr.js@1.1.1
59 silly idealTree ├── is-binary-path@1.0.1
59 silly idealTree ├── is-buffer@1.1.4
59 silly idealTree ├── is-dotfile@1.0.2
59 silly idealTree ├── is-equal-shallow@0.1.3
59 silly idealTree ├── is-extendable@0.1.1
59 silly idealTree ├── is-extglob@1.0.0
59 silly idealTree ├── is-finite@1.0.2
59 silly idealTree ├── is-glob@2.0.1
59 silly idealTree ├── is-npm@1.0.0
59 silly idealTree ├── is-number@2.1.0
59 silly idealTree ├── is-posix-bracket@0.1.1
59 silly idealTree ├── is-primitive@2.0.0
59 silly idealTree ├── is-redirect@1.0.0
59 silly idealTree ├── is-stream@1.1.0
59 silly idealTree ├── isarray@1.0.0
59 silly idealTree ├── isobject@2.1.0
59 silly idealTree ├── jsprolog@0.1.2
59 silly idealTree ├── kind-of@3.0.4
59 silly idealTree ├── latest-version@1.0.1
59 silly idealTree ├── lodash._baseassign@3.2.0
59 silly idealTree ├── lodash._basecopy@3.0.1
59 silly idealTree ├── lodash._bindcallback@3.0.1
59 silly idealTree ├── lodash._createassigner@3.1.1
59 silly idealTree ├── lodash._getnative@3.9.1
59 silly idealTree ├── lodash._isiterateecall@3.0.9
59 silly idealTree ├── lodash.assign@3.2.0
59 silly idealTree ├── lodash.defaults@3.1.2
59 silly idealTree ├── lodash.isarguments@3.1.0
59 silly idealTree ├── lodash.isarray@3.0.4
59 silly idealTree ├── lodash.keys@3.1.2
59 silly idealTree ├── lodash.restparam@3.6.1
59 silly idealTree ├── lowercase-keys@1.0.0
59 silly idealTree ├── map-stream@0.1.0
59 silly idealTree ├── media-typer@0.3.0
59 silly idealTree ├── merge-descriptors@1.0.1
59 silly idealTree ├── methods@1.1.2
59 silly idealTree ├── micromatch@2.3.11
59 silly idealTree ├── mime-db@1.24.0
59 silly idealTree ├── mime-types@2.1.12
59 silly idealTree ├── mime@1.3.4
59 silly idealTree ├── minimatch@3.0.3
59 silly idealTree ├── minimist@0.0.8
59 silly idealTree ├── mkdirp@0.5.1
59 silly idealTree ├── ms@0.7.1
59 silly idealTree ├── nan@2.4.0
59 silly idealTree ├── negotiator@0.6.1
59 silly idealTree ├── nested-error-stacks@1.0.2
59 silly idealTree ├── node-swipl@0.2.0
59 silly idealTree ├── nodemon@1.11.0
59 silly idealTree ├── nopt@1.0.10
59 silly idealTree ├── normalize-path@2.0.1
59 silly idealTree ├── number-is-nan@1.0.1
59 silly idealTree ├── object-assign@4.1.0
59 silly idealTree ├── object.omit@2.0.0
59 silly idealTree ├── on-finished@2.3.0
59 silly idealTree ├── once@1.3.3
59 silly idealTree ├── os-homedir@1.0.2
59 silly idealTree ├── os-tmpdir@1.0.2
59 silly idealTree ├── osenv@0.1.3
59 silly idealTree ├── package-json@1.2.0
59 silly idealTree ├── parse-glob@3.0.4
59 silly idealTree ├── parseurl@1.3.1
59 silly idealTree ├── path-is-absolute@1.0.1
59 silly idealTree ├── path-to-regexp@0.1.7
59 silly idealTree ├── pause-stream@0.0.11
59 silly idealTree ├── pinkie-promise@2.0.1
59 silly idealTree ├── pinkie@2.0.4
59 silly idealTree ├── prepend-http@1.0.4
59 silly idealTree ├── preserve@0.2.0
59 silly idealTree ├── process-nextick-args@1.0.7
59 silly idealTree ├── proxy-addr@1.1.2
59 silly idealTree ├── ps-tree@1.1.0
59 silly idealTree ├── qs@6.2.0
59 silly idealTree ├── randomatic@1.1.5
59 silly idealTree ├── range-parser@1.2.0
59 silly idealTree ├── raw-body@2.1.7
59 silly idealTree ├─┬ rc@1.1.6
59 silly idealTree │ └── minimist@1.2.0
59 silly idealTree ├── read-all-stream@3.1.0
59 silly idealTree ├── readable-stream@2.1.5
59 silly idealTree ├── readdirp@2.1.0
59 silly idealTree ├── regex-cache@0.4.3
59 silly idealTree ├── registry-url@3.1.0
59 silly idealTree ├── repeat-element@1.1.2
59 silly idealTree ├── repeat-string@1.5.4
59 silly idealTree ├── repeating@1.1.3
59 silly idealTree ├── semver-diff@2.1.0
59 silly idealTree ├── semver@5.3.0
59 silly idealTree ├── send@0.14.1
59 silly idealTree ├── serve-static@1.11.1
59 silly idealTree ├── set-immediate-shim@1.0.1
59 silly idealTree ├── setprototypeof@1.0.1
59 silly idealTree ├── slide@1.1.6
59 silly idealTree ├── split@0.3.3
59 silly idealTree ├── statuses@1.3.0
59 silly idealTree ├── stream-combiner@0.0.4
59 silly idealTree ├── stream-shift@1.0.0
59 silly idealTree ├── string_decoder@0.10.31
59 silly idealTree ├── string-length@1.0.1
59 silly idealTree ├── strip-ansi@3.0.1
59 silly idealTree ├── strip-json-comments@1.0.4
59 silly idealTree ├── supports-color@2.0.0
59 silly idealTree ├── through@2.3.8
59 silly idealTree ├── timed-out@2.0.0
59 silly idealTree ├── touch@1.0.0
59 silly idealTree ├── type-is@1.6.13
59 silly idealTree ├── undefsafe@0.0.3
59 silly idealTree ├── unpipe@1.0.0
59 silly idealTree ├── update-notifier@0.5.0
59 silly idealTree ├── util-deprecate@1.0.2
59 silly idealTree ├── utils-merge@1.0.0
59 silly idealTree ├── uuid@2.0.3
59 silly idealTree ├── vary@1.1.0
59 silly idealTree ├── wrappy@1.0.2
59 silly idealTree ├── write-file-atomic@1.2.0
59 silly idealTree └── xdg-basedir@2.0.0
60 silly generateActionsToTake Starting
61 silly install generateActionsToTake
62 silly generateActionsToTake Finishing
63 silly diffTrees action count 2
64 silly diffTrees update express@4.14.0
65 silly diffTrees add node-swipl@0.2.0
66 silly decomposeActions action count 16
67 silly decomposeActions fetch express@4.14.0
68 silly decomposeActions extract express@4.14.0
69 silly decomposeActions test express@4.14.0
70 silly decomposeActions preinstall express@4.14.0
71 silly decomposeActions build express@4.14.0
72 silly decomposeActions install express@4.14.0
73 silly decomposeActions postinstall express@4.14.0
74 silly decomposeActions finalize express@4.14.0
75 silly decomposeActions fetch node-swipl@0.2.0
76 silly decomposeActions extract node-swipl@0.2.0
77 silly decomposeActions test node-swipl@0.2.0
78 silly decomposeActions preinstall node-swipl@0.2.0
79 silly decomposeActions build node-swipl@0.2.0
80 silly decomposeActions install node-swipl@0.2.0
81 silly decomposeActions postinstall node-swipl@0.2.0
82 silly decomposeActions finalize node-swipl@0.2.0
83 silly executeActions Starting
84 silly install executeActions
85 silly doSerial global-install 0
86 silly doParallel fetch 2
87 verbose correctMkdir /Users/Nattapat/.npm/_locks correctMkdir not in flight; initializing
88 verbose lock using /Users/Nattapat/.npm/_locks/staging-de07a2185c273442.lock for /Users/Nattapat/Learning/pokemonWeakDetector/PokemonWeakDetector/node_modules/.staging
89 silly doParallel extract 2
90 silly extract express@4.14.0
91 silly extract node-swipl@0.2.0
92 verbose unbuild node_modules/.staging/node-swipl-bfdaabc9
93 silly gentlyRm /Users/Nattapat/Learning/pokemonWeakDetector/PokemonWeakDetector/node_modules/.staging/node-swipl-bfdaabc9 is being purged from base /Users/Nattapat/Learning/pokemonWeakDetector/PokemonWeakDetector
94 verbose gentlyRm don't care about contents; nuking /Users/Nattapat/Learning/pokemonWeakDetector/PokemonWeakDetector/node_modules/.staging/node-swipl-bfdaabc9
95 verbose unbuild node_modules/.staging/express-926f57e9
96 verbose tar unpack /Users/Nattapat/.npm/node-swipl/0.2.0/package.tgz
97 verbose tar unpacking to /Users/Nattapat/Learning/pokemonWeakDetector/PokemonWeakDetector/node_modules/.staging/node-swipl-bfdaabc9
98 silly gentlyRm /Users/Nattapat/Learning/pokemonWeakDetector/PokemonWeakDetector/node_modules/.staging/node-swipl-bfdaabc9 is being purged
99 verbose gentlyRm don't care about contents; nuking /Users/Nattapat/Learning/pokemonWeakDetector/PokemonWeakDetector/node_modules/.staging/node-swipl-bfdaabc9
100 silly gunzTarPerm modes [ '755', '644' ]
101 silly gentlyRm /Users/Nattapat/Learning/pokemonWeakDetector/PokemonWeakDetector/node_modules/.staging/express-926f57e9 is being purged from base /Users/Nattapat/Learning/pokemonWeakDetector/PokemonWeakDetector
102 verbose gentlyRm don't care about contents; nuking /Users/Nattapat/Learning/pokemonWeakDetector/PokemonWeakDetector/node_modules/.staging/express-926f57e9
103 verbose tar unpack /Users/Nattapat/.npm/express/4.14.0/package.tgz
104 verbose tar unpacking to /Users/Nattapat/Learning/pokemonWeakDetector/PokemonWeakDetector/node_modules/.staging/express-926f57e9
105 silly gentlyRm /Users/Nattapat/Learning/pokemonWeakDetector/PokemonWeakDetector/node_modules/.staging/express-926f57e9 is being purged
106 verbose gentlyRm don't care about contents; nuking /Users/Nattapat/Learning/pokemonWeakDetector/PokemonWeakDetector/node_modules/.staging/express-926f57e9
107 silly gunzTarPerm modes [ '755', '644' ]
108 silly gunzTarPerm extractEntry package.json
109 silly gunzTarPerm extractEntry .npmignore
110 silly gunzTarPerm extractEntry README.md
111 silly gunzTarPerm extractEntry package.json
112 silly gunzTarPerm modified mode [ 'package.json', 438, 420 ]
113 silly gunzTarPerm extractEntry LICENSE
114 silly gunzTarPerm modified mode [ 'LICENSE', 438, 420 ]
115 silly gunzTarPerm extractEntry index.js
116 silly gunzTarPerm modified mode [ 'index.js', 438, 420 ]
117 silly gunzTarPerm extractEntry swipl.js
118 silly gunzTarPerm extractEntry binding.gyp
119 silly gunzTarPerm extractEntry History.md
120 silly gunzTarPerm modified mode [ 'History.md', 438, 420 ]
121 silly gunzTarPerm extractEntry Readme.md
122 silly gunzTarPerm modified mode [ 'Readme.md', 438, 420 ]
123 silly gunzTarPerm extractEntry lib/application.js
124 silly gunzTarPerm modified mode [ 'lib/application.js', 438, 420 ]
125 silly gunzTarPerm extractEntry lib/express.js
126 silly gunzTarPerm modified mode [ 'lib/express.js', 438, 420 ]
127 silly gunzTarPerm extractEntry lib/request.js
128 silly gunzTarPerm modified mode [ 'lib/request.js', 438, 420 ]
129 silly gunzTarPerm extractEntry lib/response.js
130 silly gunzTarPerm modified mode [ 'lib/response.js', 438, 420 ]
131 silly gunzTarPerm extractEntry lib/utils.js
132 silly gunzTarPerm modified mode [ 'lib/utils.js', 438, 420 ]
133 silly gunzTarPerm extractEntry lib/view.js
134 silly gunzTarPerm modified mode [ 'lib/view.js', 438, 420 ]
135 silly gunzTarPerm extractEntry lib/middleware/init.js
136 silly gunzTarPerm modified mode [ 'lib/middleware/init.js', 438, 420 ]
137 silly gunzTarPerm extractEntry lib/middleware/query.js
138 silly gunzTarPerm modified mode [ 'lib/middleware/query.js', 438, 420 ]
139 silly gunzTarPerm extractEntry lib/router/index.js
140 silly gunzTarPerm modified mode [ 'lib/router/index.js', 438, 420 ]
141 silly gunzTarPerm extractEntry lib/router/layer.js
142 silly gunzTarPerm modified mode [ 'lib/router/layer.js', 438, 420 ]
143 silly gunzTarPerm extractEntry lib/router/route.js
144 silly gunzTarPerm modified mode [ 'lib/router/route.js', 438, 420 ]
145 silly gunzTarPerm extractEntry src/SWI-Prolog.h
146 silly gunzTarPerm extractEntry src/libswipl.cc
147 silly gunzTarPerm extractEntry src/libswipl.h
148 silly gunzTarPerm extractEntry tests/a.js
149 silly gunzTarPerm extractEntry tests/fisch.js
150 silly gunzTarPerm extractEntry tests/org.js
151 silly gunzTarPerm extractEntry tests/fisch.pl
152 silly gentlyRm /Users/Nattapat/Learning/pokemonWeakDetector/PokemonWeakDetector/node_modules/.staging/node-swipl-bfdaabc9/node_modules is being purged
153 verbose gentlyRm don't care about contents; nuking /Users/Nattapat/Learning/pokemonWeakDetector/PokemonWeakDetector/node_modules/.staging/node-swipl-bfdaabc9/node_modules
154 silly gentlyRm /Users/Nattapat/Learning/pokemonWeakDetector/PokemonWeakDetector/node_modules/.staging/express-926f57e9/node_modules is being purged
155 verbose gentlyRm don't care about contents; nuking /Users/Nattapat/Learning/pokemonWeakDetector/PokemonWeakDetector/node_modules/.staging/express-926f57e9/node_modules
156 silly doParallel preinstall 2
157 silly preinstall express@4.14.0 /Users/Nattapat/Learning/pokemonWeakDetector/PokemonWeakDetector/node_modules/.staging/express-926f57e9
158 info lifecycle express@4.14.0~preinstall: express@4.14.0
159 silly preinstall node-swipl@0.2.0 /Users/Nattapat/Learning/pokemonWeakDetector/PokemonWeakDetector/node_modules/.staging/node-swipl-bfdaabc9
160 info lifecycle node-swipl@0.2.0~preinstall: node-swipl@0.2.0
161 silly lifecycle express@4.14.0~preinstall: no script for preinstall, continuing
162 silly lifecycle node-swipl@0.2.0~preinstall: no script for preinstall, continuing
163 silly doReverseSerial remove 0
164 silly doSerial move 0
165 silly doSerial finalize 2
166 silly finalize /Users/Nattapat/Learning/pokemonWeakDetector/PokemonWeakDetector/node_modules/express
167 silly finalize /Users/Nattapat/Learning/pokemonWeakDetector/PokemonWeakDetector/node_modules/node-swipl
168 silly doSerial build 2
169 silly build express@4.14.0
170 info linkStuff express@4.14.0
171 silly linkStuff express@4.14.0 has /Users/Nattapat/Learning/pokemonWeakDetector/PokemonWeakDetector/node_modules as its parent node_modules
172 verbose linkBins express@4.14.0
173 verbose linkMans express@4.14.0
174 silly build node-swipl@0.2.0
175 info linkStuff node-swipl@0.2.0
176 silly linkStuff node-swipl@0.2.0 has /Users/Nattapat/Learning/pokemonWeakDetector/PokemonWeakDetector/node_modules as its parent node_modules
177 verbose linkBins node-swipl@0.2.0
178 verbose linkMans node-swipl@0.2.0
179 silly doSerial global-link 0
180 silly doParallel update-linked 0
181 silly doSerial install 2
182 silly install express@4.14.0 /Users/Nattapat/Learning/pokemonWeakDetector/PokemonWeakDetector/node_modules/.staging/express-926f57e9
183 info lifecycle express@4.14.0~install: express@4.14.0
184 silly lifecycle express@4.14.0~install: no script for install, continuing
185 silly install node-swipl@0.2.0 /Users/Nattapat/Learning/pokemonWeakDetector/PokemonWeakDetector/node_modules/.staging/node-swipl-bfdaabc9
186 info lifecycle node-swipl@0.2.0~install: node-swipl@0.2.0
187 verbose lifecycle node-swipl@0.2.0~install: unsafe-perm in lifecycle true
188 verbose lifecycle node-swipl@0.2.0~install: PATH: /usr/local/lib/node_modules/npm/bin/node-gyp-bin:/Users/Nattapat/Learning/pokemonWeakDetector/PokemonWeakDetector/node_modules/node-swipl/node_modules/.bin:/Users/Nattapat/Learning/pokemonWeakDetector/PokemonWeakDetector/node_modules/.bin:/usr/local/Cellar/node/6.2.1/bin:/usr/local/mysql/bin:/Library/Frameworks/Python.framework/Versions/3.5/bin:/usr/local/bin:/usr/bin:/bin:/usr/sbin:/sbin:/Applications/Postgres.app/Contents/Versions/9.5/bin
189 verbose lifecycle node-swipl@0.2.0~install: CWD: /Users/Nattapat/Learning/pokemonWeakDetector/PokemonWeakDetector/node_modules/node-swipl
190 silly lifecycle node-swipl@0.2.0~install: Args: [ '-c', 'node-gyp configure build' ]
191 silly lifecycle node-swipl@0.2.0~install: Returned: code: 1  signal: null
192 info lifecycle node-swipl@0.2.0~install: Failed to exec install script
193 verbose unlock done using /Users/Nattapat/.npm/_locks/staging-de07a2185c273442.lock for /Users/Nattapat/Learning/pokemonWeakDetector/PokemonWeakDetector/node_modules/.staging
194 silly rollbackFailedOptional Starting
195 silly rollbackFailedOptional Finishing
196 silly runTopLevelLifecycles Starting
197 silly runTopLevelLifecycles Finishing
198 silly install printInstalled
199 verbose stack Error: node-swipl@0.2.0 install: `node-gyp configure build`
199 verbose stack Exit status 1
199 verbose stack     at EventEmitter.<anonymous> (/usr/local/lib/node_modules/npm/lib/utils/lifecycle.js:245:16)
199 verbose stack     at emitTwo (events.js:106:13)
199 verbose stack     at EventEmitter.emit (events.js:191:7)
199 verbose stack     at ChildProcess.<anonymous> (/usr/local/lib/node_modules/npm/lib/utils/spawn.js:24:14)
199 verbose stack     at emitTwo (events.js:106:13)
199 verbose stack     at ChildProcess.emit (events.js:191:7)
199 verbose stack     at maybeClose (internal/child_process.js:852:16)
199 verbose stack     at Process.ChildProcess._handle.onexit (internal/child_process.js:215:5)
200 verbose pkgid node-swipl@0.2.0
201 verbose cwd /Users/Nattapat/Learning/pokemonWeakDetector/PokemonWeakDetector
202 error Darwin 15.6.0
203 error argv "/usr/local/Cellar/node/6.2.1/bin/node" "/usr/local/bin/npm" "install" "node-swipl@0.2.0" "--save"
204 error node v6.2.1
205 error npm  v3.9.3
206 error code ELIFECYCLE
207 error node-swipl@0.2.0 install: `node-gyp configure build`
207 error Exit status 1
208 error Failed at the node-swipl@0.2.0 install script 'node-gyp configure build'.
208 error Make sure you have the latest version of node.js and npm installed.
208 error If you do, this is most likely a problem with the node-swipl package,
208 error not with npm itself.
208 error Tell the author that this fails on your system:
208 error     node-gyp configure build
208 error You can get information on how to open an issue for this project with:
208 error     npm bugs node-swipl
208 error Or if that isn't available, you can get their info via:
208 error     npm owner ls node-swipl
208 error There is likely additional logging output above.
209 verbose exit [ 1, true ]
